  main.cpp
D:\GAMES\HomeWork\4\GamesWork4\GamesWork4\main.cpp(36,34): warning C4244: “参数”: 从“_Tp”转换到“int”，可能丢失数据
          with
          [
              _Tp=float
          ]
D:\GAMES\HomeWork\4\GamesWork4\GamesWork4\main.cpp(36,25): warning C4244: “参数”: 从“_Tp”转换到“int”，可能丢失数据
          with
          [
              _Tp=float
          ]
D:\GAMES\HomeWork\4\GamesWork4\GamesWork4\main.cpp(41,25): warning C4244: “参数”: 从“float”转换到“int”，可能丢失数据
D:\GAMES\HomeWork\4\GamesWork4\GamesWork4\main.cpp(41,21): warning C4244: “参数”: 从“float”转换到“int”，可能丢失数据
D:\GAMES\HomeWork\4\GamesWork4\GamesWork4\main.cpp(41,38): warning C4244: “=”: 从“double”转换到“_Tp”，可能丢失数据
          with
          [
              _Tp=uchar
          ]
D:\GAMES\HomeWork\4\GamesWork4\GamesWork4\main.cpp(71,47): warning C4244: “参数”: 从“double”转换到“float”，可能丢失数据
D:\GAMES\HomeWork\4\GamesWork4\GamesWork4\main.cpp(73,34): warning C4244: “参数”: 从“_Tp”转换到“int”，可能丢失数据
          with
          [
              _Tp=float
          ]
D:\GAMES\HomeWork\4\GamesWork4\GamesWork4\main.cpp(73,25): warning C4244: “参数”: 从“_Tp”转换到“int”，可能丢失数据
          with
          [
              _Tp=float
          ]
D:\GAMES\HomeWork\4\GamesWork4\GamesWork4\main.cpp(78,25): warning C4244: “参数”: 从“float”转换到“int”，可能丢失数据
D:\GAMES\HomeWork\4\GamesWork4\GamesWork4\main.cpp(78,21): warning C4244: “参数”: 从“float”转换到“int”，可能丢失数据
C:\Program Files (x86)\Microsoft Visual Studio\2019\Professional\VC\Tools\MSVC\14.29.30133\include\xmemory(714,68): warning C4244: “参数”: 从“int”转换到“_Tp”，可能丢失数据
          with
          [
              _Tp=float
          ]
C:\Program Files (x86)\Microsoft Visual Studio\2019\Professional\VC\Tools\MSVC\14.29.30133\include\vector(721): message : 查看对正在编译的函数 模板 实例化“void std::_Default_allocator_traits<_Alloc>::construct<_Ty,int&,int&>(_Alloc &,_Objty *const ,int &,int &)”的引用
          with
          [
              _Alloc=std::allocator<cv::Point2f>,
              _Ty=cv::Point_<float>,
              _Objty=cv::Point_<float>
          ]
C:\Program Files (x86)\Microsoft Visual Studio\2019\Professional\VC\Tools\MSVC\14.29.30133\include\vector(726): message : 查看对正在编译的函数 模板 实例化“void std::_Default_allocator_traits<_Alloc>::construct<_Ty,int&,int&>(_Alloc &,_Objty *const ,int &,int &)”的引用
          with
          [
              _Alloc=std::allocator<cv::Point2f>,
              _Ty=cv::Point_<float>,
              _Objty=cv::Point_<float>
          ]
C:\Program Files (x86)\Microsoft Visual Studio\2019\Professional\VC\Tools\MSVC\14.29.30133\include\vector(739): message : 查看对正在编译的函数 模板 实例化“void std::vector<cv::Point2f,std::allocator<cv::Point2f>>::_Emplace_back_with_unused_capacity<int&,int&>(int &,int &)”的引用
D:\GAMES\HomeWork\4\GamesWork4\GamesWork4\main.cpp(20): message : 查看对正在编译的函数 模板 实例化“void std::vector<cv::Point2f,std::allocator<cv::Point2f>>::emplace_back<int&,int&>(int &,int &)”的引用
  GamesWork4.vcxproj -> D:\GAMES\HomeWork\4\GamesWork4\x64\Debug\GamesWork4.exe
